CRITICAL - 2024-05-31 16:15:53 --> ErrorException: Undefined variable $data
in APPPATH\Views\rename\main.php on line 26.
 1 APPPATH\Views\rename\main.php(26): CodeIgniter\Debug\Exceptions->errorHandler(2, 'Undefined variable $data', 'C:\\xampp\\htdocs\\mdb_ci_full\\app\\Views\\rename\\main.php', 26)
 2 SYSTEMPATH\View\View.php(228): include('C:\\xampp\\htdocs\\mdb_ci_full\\app\\Views\\rename\\main.php')
 3 SYSTEMPATH\View\View.php(231): CodeIgniter\View\View->CodeIgniter\View\{closure}()
 4 SYSTEMPATH\Common.php(1178): CodeIgniter\View\View->render('rename/main', [], true)
 5 APPPATH\Controllers\TblToRenameController.php(16): view('rename/main', [...])
 6 SYSTEMPATH\CodeIgniter.php(941): App\Controllers\TblToRenameController->index()
 7 SYSTEMPATH\CodeIgniter.php(502): CodeIgniter\CodeIgniter->runController(Object(App\Controllers\TblToRenameController))
 8 SYSTEMPATH\CodeIgniter.php(361): CodeIgniter\CodeIgniter->handleRequest(null, Object(Config\Cache), false)
 9 FCPATH\index.php(79): CodeIgniter\CodeIgniter->run()
10 SYSTEMPATH\Commands\Server\rewrite.php(47): require_once('C:\\xampp\\htdocs\\mdb_ci_full\\public\\index.php')
CRITICAL - 2024-05-31 16:16:16 --> ErrorException: Undefined array key "new filename"
in APPPATH\Views\rename\main.php on line 30.
 1 APPPATH\Views\rename\main.php(30): CodeIgniter\Debug\Exceptions->errorHandler(2, 'Undefined array key "new filename"', 'C:\\xampp\\htdocs\\mdb_ci_full\\app\\Views\\rename\\main.php', 30)
 2 SYSTEMPATH\View\View.php(228): include('C:\\xampp\\htdocs\\mdb_ci_full\\app\\Views\\rename\\main.php')
 3 SYSTEMPATH\View\View.php(231): CodeIgniter\View\View->CodeIgniter\View\{closure}()
 4 SYSTEMPATH\Common.php(1178): CodeIgniter\View\View->render('rename/main', [], true)
 5 APPPATH\Controllers\TblToRenameController.php(16): view('rename/main', [...])
 6 SYSTEMPATH\CodeIgniter.php(941): App\Controllers\TblToRenameController->index()
 7 SYSTEMPATH\CodeIgniter.php(502): CodeIgniter\CodeIgniter->runController(Object(App\Controllers\TblToRenameController))
 8 SYSTEMPATH\CodeIgniter.php(361): CodeIgniter\CodeIgniter->handleRequest(null, Object(Config\Cache), false)
 9 FCPATH\index.php(79): CodeIgniter\CodeIgniter->run()
10 SYSTEMPATH\Commands\Server\rewrite.php(47): require_once('C:\\xampp\\htdocs\\mdb_ci_full\\public\\index.php')
CRITICAL - 2024-05-31 16:16:18 --> ErrorException: Undefined array key "new filename"
in APPPATH\Views\rename\main.php on line 30.
 1 APPPATH\Views\rename\main.php(30): CodeIgniter\Debug\Exceptions->errorHandler(2, 'Undefined array key "new filename"', 'C:\\xampp\\htdocs\\mdb_ci_full\\app\\Views\\rename\\main.php', 30)
 2 SYSTEMPATH\View\View.php(228): include('C:\\xampp\\htdocs\\mdb_ci_full\\app\\Views\\rename\\main.php')
 3 SYSTEMPATH\View\View.php(231): CodeIgniter\View\View->CodeIgniter\View\{closure}()
 4 SYSTEMPATH\Common.php(1178): CodeIgniter\View\View->render('rename/main', [], true)
 5 APPPATH\Controllers\TblToRenameController.php(16): view('rename/main', [...])
 6 SYSTEMPATH\CodeIgniter.php(941): App\Controllers\TblToRenameController->index()
 7 SYSTEMPATH\CodeIgniter.php(502): CodeIgniter\CodeIgniter->runController(Object(App\Controllers\TblToRenameController))
 8 SYSTEMPATH\CodeIgniter.php(361): CodeIgniter\CodeIgniter->handleRequest(null, Object(Config\Cache), false)
 9 FCPATH\index.php(79): CodeIgniter\CodeIgniter->run()
10 SYSTEMPATH\Commands\Server\rewrite.php(47): require_once('C:\\xampp\\htdocs\\mdb_ci_full\\public\\index.php')
CRITICAL - 2024-05-31 16:27:26 --> ErrorException: rename(C:/xampp/htdocs/mdb_ci_full/public/for_rename/FINAL letter invitation to registrars_Online ML Submission sgd-pages-1,C:/xampp/htdocs/mdb_ci_full/public/for_rename/San Jose Community College): The system cannot find the file specified (code: 2)
in APPPATH\Views\rename\main.php on line 34.
 1 [internal function]: CodeIgniter\Debug\Exceptions->errorHandler(2, 'rename(C:/xampp/htdocs/mdb_ci_full/public/for_rename/FINAL letter invitation to registrars_Online ML Submission sgd-pages-1,C:/xampp/htdocs/mdb_ci_full/public/for_rename/San Jose Community College): The system cannot find the file specified (code: 2)', 'C:\\xampp\\htdocs\\mdb_ci_full\\app\\Views\\rename\\main.php', 34)
 2 APPPATH\Views\rename\main.php(34): rename('C:/xampp/htdocs/mdb_ci_full/public/for_rename/FINAL letter invitation to registrars_Online ML Submission sgd-pages-1', 'C:/xampp/htdocs/mdb_ci_full/public/for_rename/San Jose Community College')
 3 SYSTEMPATH\View\View.php(228): include('C:\\xampp\\htdocs\\mdb_ci_full\\app\\Views\\rename\\main.php')
 4 SYSTEMPATH\View\View.php(231): CodeIgniter\View\View->CodeIgniter\View\{closure}()
 5 SYSTEMPATH\Common.php(1178): CodeIgniter\View\View->render('rename/main', [], true)
 6 APPPATH\Controllers\TblToRenameController.php(16): view('rename/main', [...])
 7 SYSTEMPATH\CodeIgniter.php(941): App\Controllers\TblToRenameController->index()
 8 SYSTEMPATH\CodeIgniter.php(502): CodeIgniter\CodeIgniter->runController(Object(App\Controllers\TblToRenameController))
 9 SYSTEMPATH\CodeIgniter.php(361): CodeIgniter\CodeIgniter->handleRequest(null, Object(Config\Cache), false)
10 FCPATH\index.php(79): CodeIgniter\CodeIgniter->run()
11 SYSTEMPATH\Commands\Server\rewrite.php(47): require_once('C:\\xampp\\htdocs\\mdb_ci_full\\public\\index.php')
CRITICAL - 2024-05-31 16:28:22 --> ErrorException: rename(C:/xampp/htdocs/mdb_ci_full/public/for_rename/FINAL letter invitation to registrars_Online ML Submission sgd-pages-13.pdf,C:/xampp/htdocs/mdb_ci_full/public/for_rename/Daniel B. Pe?a Memorial College Foundation.pdf): The filename, directory name, or volume label syntax is incorrect (code: 123)
in APPPATH\Views\rename\main.php on line 34.
 1 [internal function]: CodeIgniter\Debug\Exceptions->errorHandler(2, 'rename(C:/xampp/htdocs/mdb_ci_full/public/for_rename/FINAL letter invitation to registrars_Online ML Submission sgd-pages-13.pdf,C:/xampp/htdocs/mdb_ci_full/public/for_rename/Daniel B. Pe?a Memorial College Foundation.pdf): The filename, directory name, or volume label syntax is incorrect (code: 123)', 'C:\\xampp\\htdocs\\mdb_ci_full\\app\\Views\\rename\\main.php', 34)
 2 APPPATH\Views\rename\main.php(34): rename('C:/xampp/htdocs/mdb_ci_full/public/for_rename/FINAL letter invitation to registrars_Online ML Submission sgd-pages-13.pdf', 'C:/xampp/htdocs/mdb_ci_full/public/for_rename/Daniel B. Pe?a Memorial College Foundation.pdf')
 3 SYSTEMPATH\View\View.php(228): include('C:\\xampp\\htdocs\\mdb_ci_full\\app\\Views\\rename\\main.php')
 4 SYSTEMPATH\View\View.php(231): CodeIgniter\View\View->CodeIgniter\View\{closure}()
 5 SYSTEMPATH\Common.php(1178): CodeIgniter\View\View->render('rename/main', [], true)
 6 APPPATH\Controllers\TblToRenameController.php(16): view('rename/main', [...])
 7 SYSTEMPATH\CodeIgniter.php(941): App\Controllers\TblToRenameController->index()
 8 SYSTEMPATH\CodeIgniter.php(502): CodeIgniter\CodeIgniter->runController(Object(App\Controllers\TblToRenameController))
 9 SYSTEMPATH\CodeIgniter.php(361): CodeIgniter\CodeIgniter->handleRequest(null, Object(Config\Cache), false)
10 FCPATH\index.php(79): CodeIgniter\CodeIgniter->run()
11 SYSTEMPATH\Commands\Server\rewrite.php(47): require_once('C:\\xampp\\htdocs\\mdb_ci_full\\public\\index.php')
CRITICAL - 2024-05-31 16:35:18 --> ErrorException: rename(C:/xampp/htdocs/mdb_ci_full/public/for_rename/FINAL letter invitation to registrars_Online ML Submission sgd-pages-1.pdf,C:/xampp/htdocs/mdb_ci_full/public/for_rename/San Jose Community College.pdf): The system cannot find the file specified (code: 2)
in APPPATH\Views\rename\main.php on line 34.
 1 [internal function]: CodeIgniter\Debug\Exceptions->errorHandler(2, 'rename(C:/xampp/htdocs/mdb_ci_full/public/for_rename/FINAL letter invitation to registrars_Online ML Submission sgd-pages-1.pdf,C:/xampp/htdocs/mdb_ci_full/public/for_rename/San Jose Community College.pdf): The system cannot find the file specified (code: 2)', 'C:\\xampp\\htdocs\\mdb_ci_full\\app\\Views\\rename\\main.php', 34)
 2 APPPATH\Views\rename\main.php(34): rename('C:/xampp/htdocs/mdb_ci_full/public/for_rename/FINAL letter invitation to registrars_Online ML Submission sgd-pages-1.pdf', 'C:/xampp/htdocs/mdb_ci_full/public/for_rename/San Jose Community College.pdf')
 3 SYSTEMPATH\View\View.php(228): include('C:\\xampp\\htdocs\\mdb_ci_full\\app\\Views\\rename\\main.php')
 4 SYSTEMPATH\View\View.php(231): CodeIgniter\View\View->CodeIgniter\View\{closure}()
 5 SYSTEMPATH\Common.php(1178): CodeIgniter\View\View->render('rename/main', [], true)
 6 APPPATH\Controllers\TblToRenameController.php(16): view('rename/main', [...])
 7 SYSTEMPATH\CodeIgniter.php(941): App\Controllers\TblToRenameController->index()
 8 SYSTEMPATH\CodeIgniter.php(502): CodeIgniter\CodeIgniter->runController(Object(App\Controllers\TblToRenameController))
 9 SYSTEMPATH\CodeIgniter.php(361): CodeIgniter\CodeIgniter->handleRequest(null, Object(Config\Cache), false)
10 FCPATH\index.php(79): CodeIgniter\CodeIgniter->run()
11 SYSTEMPATH\Commands\Server\rewrite.php(47): require_once('C:\\xampp\\htdocs\\mdb_ci_full\\public\\index.php')
ERROR - 2024-05-31 17:18:49 --> mysqli_sql_exception: Table 'mdb_ci_full.dbreference_ref_higher_educ_inst' doesn't exist in C:\xampp\htdocs\mdb_ci_full\vendor\codeigniter4\framework\system\Database\MySQLi\Connection.php:306
Stack trace:
#0 C:\xampp\htdocs\mdb_ci_full\vendor\codeigniter4\framework\system\Database\MySQLi\Connection.php(306): mysqli->query('SELECT *\nFROM `...', 0)
#1 C:\xampp\htdocs\mdb_ci_full\vendor\codeigniter4\framework\system\Database\BaseConnection.php(693): CodeIgniter\Database\MySQLi\Connection->execute('SELECT *\nFROM `...')
#2 C:\xampp\htdocs\mdb_ci_full\vendor\codeigniter4\framework\system\Database\BaseConnection.php(607): CodeIgniter\Database\BaseConnection->simpleQuery('SELECT *\nFROM `...')
#3 C:\xampp\htdocs\mdb_ci_full\vendor\codeigniter4\framework\system\Database\BaseBuilder.php(1616): CodeIgniter\Database\BaseConnection->query('SELECT *\nFROM `...', Array, false)
#4 C:\xampp\htdocs\mdb_ci_full\vendor\codeigniter4\framework\system\Model.php(242): CodeIgniter\Database\BaseBuilder->get()
#5 C:\xampp\htdocs\mdb_ci_full\vendor\codeigniter4\framework\system\BaseModel.php(638): CodeIgniter\Model->doFindAll(0, 0)
#6 C:\xampp\htdocs\mdb_ci_full\app\Controllers\DbTransTblHgeController.php(18): CodeIgniter\BaseModel->findAll()
#7 C:\xampp\htdocs\mdb_ci_full\vendor\codeigniter4\framework\system\CodeIgniter.php(941): App\Controllers\DbTransTblHgeController->index()
#8 C:\xampp\htdocs\mdb_ci_full\vendor\codeigniter4\framework\system\CodeIgniter.php(502): CodeIgniter\CodeIgniter->runController(Object(App\Controllers\DbTransTblHgeController))
#9 C:\xampp\htdocs\mdb_ci_full\vendor\codeigniter4\framework\system\CodeIgniter.php(361): CodeIgniter\CodeIgniter->handleRequest(NULL, Object(Config\Cache), false)
#10 C:\xampp\htdocs\mdb_ci_full\public\index.php(79): CodeIgniter\CodeIgniter->run()
#11 C:\xampp\htdocs\mdb_ci_full\vendor\codeigniter4\framework\system\Commands\Server\rewrite.php(47): require_once('C:\\xampp\\htdocs...')
#12 {main}
CRITICAL - 2024-05-31 17:18:50 --> CodeIgniter\Database\Exceptions\DatabaseException: Table 'mdb_ci_full.dbreference_ref_higher_educ_inst' doesn't exist
in SYSTEMPATH\Database\BaseConnection.php on line 647.
 1 SYSTEMPATH\Database\BaseBuilder.php(1616): CodeIgniter\Database\BaseConnection->query('SELECT *
FROM `dbreference_ref_higher_educ_inst`
WHERE `geoRegCode` = :geoRegCode:', [...], false)
 2 SYSTEMPATH\Model.php(242): CodeIgniter\Database\BaseBuilder->get()
 3 SYSTEMPATH\BaseModel.php(638): CodeIgniter\Model->doFindAll(0, 0)
 4 APPPATH\Controllers\DbTransTblHgeController.php(18): CodeIgniter\BaseModel->findAll()
 5 SYSTEMPATH\CodeIgniter.php(941): App\Controllers\DbTransTblHgeController->index()
 6 SYSTEMPATH\CodeIgniter.php(502): CodeIgniter\CodeIgniter->runController(Object(App\Controllers\DbTransTblHgeController))
 7 SYSTEMPATH\CodeIgniter.php(361): CodeIgniter\CodeIgniter->handleRequest(null, Object(Config\Cache), false)
 8 FCPATH\index.php(79): CodeIgniter\CodeIgniter->run()
 9 SYSTEMPATH\Commands\Server\rewrite.php(47): require_once('C:\\xampp\\htdocs\\mdb_ci_full\\public\\index.php')
CRITICAL - 2024-05-31 17:18:50 --> [Caused by] CodeIgniter\Database\Exceptions\DatabaseException: Table 'mdb_ci_full.dbreference_ref_higher_educ_inst' doesn't exist
in SYSTEMPATH\Database\MySQLi\Connection.php on line 311.
 1 SYSTEMPATH\Database\BaseConnection.php(693): CodeIgniter\Database\MySQLi\Connection->execute('SELECT *
FROM `dbreference_ref_higher_educ_inst`
WHERE `geoRegCode` = \'05\'')
 2 SYSTEMPATH\Database\BaseConnection.php(607): CodeIgniter\Database\BaseConnection->simpleQuery('SELECT *
FROM `dbreference_ref_higher_educ_inst`
WHERE `geoRegCode` = \'05\'')
 3 SYSTEMPATH\Database\BaseBuilder.php(1616): CodeIgniter\Database\BaseConnection->query('SELECT *
FROM `dbreference_ref_higher_educ_inst`
WHERE `geoRegCode` = :geoRegCode:', [...], false)
 4 SYSTEMPATH\Model.php(242): CodeIgniter\Database\BaseBuilder->get()
 5 SYSTEMPATH\BaseModel.php(638): CodeIgniter\Model->doFindAll(0, 0)
 6 APPPATH\Controllers\DbTransTblHgeController.php(18): CodeIgniter\BaseModel->findAll()
 7 SYSTEMPATH\CodeIgniter.php(941): App\Controllers\DbTransTblHgeController->index()
 8 SYSTEMPATH\CodeIgniter.php(502): CodeIgniter\CodeIgniter->runController(Object(App\Controllers\DbTransTblHgeController))
 9 SYSTEMPATH\CodeIgniter.php(361): CodeIgniter\CodeIgniter->handleRequest(null, Object(Config\Cache), false)
10 FCPATH\index.php(79): CodeIgniter\CodeIgniter->run()
11 SYSTEMPATH\Commands\Server\rewrite.php(47): require_once('C:\\xampp\\htdocs\\mdb_ci_full\\public\\index.php')
CRITICAL - 2024-05-31 17:18:50 --> [Caused by] mysqli_sql_exception: Table 'mdb_ci_full.dbreference_ref_higher_educ_inst' doesn't exist
in SYSTEMPATH\Database\MySQLi\Connection.php on line 306.
 1 SYSTEMPATH\Database\MySQLi\Connection.php(306): mysqli->query('SELECT *
FROM `dbreference_ref_higher_educ_inst`
WHERE `geoRegCode` = \'05\'', 0)
 2 SYSTEMPATH\Database\BaseConnection.php(693): CodeIgniter\Database\MySQLi\Connection->execute('SELECT *
FROM `dbreference_ref_higher_educ_inst`
WHERE `geoRegCode` = \'05\'')
 3 SYSTEMPATH\Database\BaseConnection.php(607): CodeIgniter\Database\BaseConnection->simpleQuery('SELECT *
FROM `dbreference_ref_higher_educ_inst`
WHERE `geoRegCode` = \'05\'')
 4 SYSTEMPATH\Database\BaseBuilder.php(1616): CodeIgniter\Database\BaseConnection->query('SELECT *
FROM `dbreference_ref_higher_educ_inst`
WHERE `geoRegCode` = :geoRegCode:', [...], false)
 5 SYSTEMPATH\Model.php(242): CodeIgniter\Database\BaseBuilder->get()
 6 SYSTEMPATH\BaseModel.php(638): CodeIgniter\Model->doFindAll(0, 0)
 7 APPPATH\Controllers\DbTransTblHgeController.php(18): CodeIgniter\BaseModel->findAll()
 8 SYSTEMPATH\CodeIgniter.php(941): App\Controllers\DbTransTblHgeController->index()
 9 SYSTEMPATH\CodeIgniter.php(502): CodeIgniter\CodeIgniter->runController(Object(App\Controllers\DbTransTblHgeController))
10 SYSTEMPATH\CodeIgniter.php(361): CodeIgniter\CodeIgniter->handleRequest(null, Object(Config\Cache), false)
11 FCPATH\index.php(79): CodeIgniter\CodeIgniter->run()
12 SYSTEMPATH\Commands\Server\rewrite.php(47): require_once('C:\\xampp\\htdocs\\mdb_ci_full\\public\\index.php')
ERROR - 2024-05-31 17:21:11 --> mysqli_sql_exception: Table 'mdb_ci_full.dbreference_ref_higher_educ_inst' doesn't exist in C:\xampp\htdocs\mdb_ci_full\vendor\codeigniter4\framework\system\Database\MySQLi\Connection.php:306
Stack trace:
#0 C:\xampp\htdocs\mdb_ci_full\vendor\codeigniter4\framework\system\Database\MySQLi\Connection.php(306): mysqli->query('SELECT *\nFROM `...', 0)
#1 C:\xampp\htdocs\mdb_ci_full\vendor\codeigniter4\framework\system\Database\BaseConnection.php(693): CodeIgniter\Database\MySQLi\Connection->execute('SELECT *\nFROM `...')
#2 C:\xampp\htdocs\mdb_ci_full\vendor\codeigniter4\framework\system\Database\BaseConnection.php(607): CodeIgniter\Database\BaseConnection->simpleQuery('SELECT *\nFROM `...')
#3 C:\xampp\htdocs\mdb_ci_full\vendor\codeigniter4\framework\system\Database\BaseBuilder.php(1616): CodeIgniter\Database\BaseConnection->query('SELECT *\nFROM `...', Array, false)
#4 C:\xampp\htdocs\mdb_ci_full\vendor\codeigniter4\framework\system\Model.php(242): CodeIgniter\Database\BaseBuilder->get()
#5 C:\xampp\htdocs\mdb_ci_full\vendor\codeigniter4\framework\system\BaseModel.php(638): CodeIgniter\Model->doFindAll(0, 0)
#6 C:\xampp\htdocs\mdb_ci_full\app\Controllers\DbTransTblHgeController.php(18): CodeIgniter\BaseModel->findAll()
#7 C:\xampp\htdocs\mdb_ci_full\vendor\codeigniter4\framework\system\CodeIgniter.php(941): App\Controllers\DbTransTblHgeController->index()
#8 C:\xampp\htdocs\mdb_ci_full\vendor\codeigniter4\framework\system\CodeIgniter.php(502): CodeIgniter\CodeIgniter->runController(Object(App\Controllers\DbTransTblHgeController))
#9 C:\xampp\htdocs\mdb_ci_full\vendor\codeigniter4\framework\system\CodeIgniter.php(361): CodeIgniter\CodeIgniter->handleRequest(NULL, Object(Config\Cache), false)
#10 C:\xampp\htdocs\mdb_ci_full\public\index.php(79): CodeIgniter\CodeIgniter->run()
#11 C:\xampp\htdocs\mdb_ci_full\vendor\codeigniter4\framework\system\Commands\Server\rewrite.php(47): require_once('C:\\xampp\\htdocs...')
#12 {main}
CRITICAL - 2024-05-31 17:21:11 --> CodeIgniter\Database\Exceptions\DatabaseException: Table 'mdb_ci_full.dbreference_ref_higher_educ_inst' doesn't exist
in SYSTEMPATH\Database\BaseConnection.php on line 647.
 1 SYSTEMPATH\Database\BaseBuilder.php(1616): CodeIgniter\Database\BaseConnection->query('SELECT *
FROM `dbreference_ref_higher_educ_inst`
WHERE `geoRegCode` = :geoRegCode:', [...], false)
 2 SYSTEMPATH\Model.php(242): CodeIgniter\Database\BaseBuilder->get()
 3 SYSTEMPATH\BaseModel.php(638): CodeIgniter\Model->doFindAll(0, 0)
 4 APPPATH\Controllers\DbTransTblHgeController.php(18): CodeIgniter\BaseModel->findAll()
 5 SYSTEMPATH\CodeIgniter.php(941): App\Controllers\DbTransTblHgeController->index()
 6 SYSTEMPATH\CodeIgniter.php(502): CodeIgniter\CodeIgniter->runController(Object(App\Controllers\DbTransTblHgeController))
 7 SYSTEMPATH\CodeIgniter.php(361): CodeIgniter\CodeIgniter->handleRequest(null, Object(Config\Cache), false)
 8 FCPATH\index.php(79): CodeIgniter\CodeIgniter->run()
 9 SYSTEMPATH\Commands\Server\rewrite.php(47): require_once('C:\\xampp\\htdocs\\mdb_ci_full\\public\\index.php')
CRITICAL - 2024-05-31 17:21:11 --> [Caused by] CodeIgniter\Database\Exceptions\DatabaseException: Table 'mdb_ci_full.dbreference_ref_higher_educ_inst' doesn't exist
in SYSTEMPATH\Database\MySQLi\Connection.php on line 311.
 1 SYSTEMPATH\Database\BaseConnection.php(693): CodeIgniter\Database\MySQLi\Connection->execute('SELECT *
FROM `dbreference_ref_higher_educ_inst`
WHERE `geoRegCode` = \'05\'')
 2 SYSTEMPATH\Database\BaseConnection.php(607): CodeIgniter\Database\BaseConnection->simpleQuery('SELECT *
FROM `dbreference_ref_higher_educ_inst`
WHERE `geoRegCode` = \'05\'')
 3 SYSTEMPATH\Database\BaseBuilder.php(1616): CodeIgniter\Database\BaseConnection->query('SELECT *
FROM `dbreference_ref_higher_educ_inst`
WHERE `geoRegCode` = :geoRegCode:', [...], false)
 4 SYSTEMPATH\Model.php(242): CodeIgniter\Database\BaseBuilder->get()
 5 SYSTEMPATH\BaseModel.php(638): CodeIgniter\Model->doFindAll(0, 0)
 6 APPPATH\Controllers\DbTransTblHgeController.php(18): CodeIgniter\BaseModel->findAll()
 7 SYSTEMPATH\CodeIgniter.php(941): App\Controllers\DbTransTblHgeController->index()
 8 SYSTEMPATH\CodeIgniter.php(502): CodeIgniter\CodeIgniter->runController(Object(App\Controllers\DbTransTblHgeController))
 9 SYSTEMPATH\CodeIgniter.php(361): CodeIgniter\CodeIgniter->handleRequest(null, Object(Config\Cache), false)
10 FCPATH\index.php(79): CodeIgniter\CodeIgniter->run()
11 SYSTEMPATH\Commands\Server\rewrite.php(47): require_once('C:\\xampp\\htdocs\\mdb_ci_full\\public\\index.php')
CRITICAL - 2024-05-31 17:21:11 --> [Caused by] mysqli_sql_exception: Table 'mdb_ci_full.dbreference_ref_higher_educ_inst' doesn't exist
in SYSTEMPATH\Database\MySQLi\Connection.php on line 306.
 1 SYSTEMPATH\Database\MySQLi\Connection.php(306): mysqli->query('SELECT *
FROM `dbreference_ref_higher_educ_inst`
WHERE `geoRegCode` = \'05\'', 0)
 2 SYSTEMPATH\Database\BaseConnection.php(693): CodeIgniter\Database\MySQLi\Connection->execute('SELECT *
FROM `dbreference_ref_higher_educ_inst`
WHERE `geoRegCode` = \'05\'')
 3 SYSTEMPATH\Database\BaseConnection.php(607): CodeIgniter\Database\BaseConnection->simpleQuery('SELECT *
FROM `dbreference_ref_higher_educ_inst`
WHERE `geoRegCode` = \'05\'')
 4 SYSTEMPATH\Database\BaseBuilder.php(1616): CodeIgniter\Database\BaseConnection->query('SELECT *
FROM `dbreference_ref_higher_educ_inst`
WHERE `geoRegCode` = :geoRegCode:', [...], false)
 5 SYSTEMPATH\Model.php(242): CodeIgniter\Database\BaseBuilder->get()
 6 SYSTEMPATH\BaseModel.php(638): CodeIgniter\Model->doFindAll(0, 0)
 7 APPPATH\Controllers\DbTransTblHgeController.php(18): CodeIgniter\BaseModel->findAll()
 8 SYSTEMPATH\CodeIgniter.php(941): App\Controllers\DbTransTblHgeController->index()
 9 SYSTEMPATH\CodeIgniter.php(502): CodeIgniter\CodeIgniter->runController(Object(App\Controllers\DbTransTblHgeController))
10 SYSTEMPATH\CodeIgniter.php(361): CodeIgniter\CodeIgniter->handleRequest(null, Object(Config\Cache), false)
11 FCPATH\index.php(79): CodeIgniter\CodeIgniter->run()
12 SYSTEMPATH\Commands\Server\rewrite.php(47): require_once('C:\\xampp\\htdocs\\mdb_ci_full\\public\\index.php')
ERROR - 2024-05-31 17:21:13 --> mysqli_sql_exception: Table 'mdb_ci_full.dbreference_ref_higher_educ_inst' doesn't exist in C:\xampp\htdocs\mdb_ci_full\vendor\codeigniter4\framework\system\Database\MySQLi\Connection.php:306
Stack trace:
#0 C:\xampp\htdocs\mdb_ci_full\vendor\codeigniter4\framework\system\Database\MySQLi\Connection.php(306): mysqli->query('SELECT *\nFROM `...', 0)
#1 C:\xampp\htdocs\mdb_ci_full\vendor\codeigniter4\framework\system\Database\BaseConnection.php(693): CodeIgniter\Database\MySQLi\Connection->execute('SELECT *\nFROM `...')
#2 C:\xampp\htdocs\mdb_ci_full\vendor\codeigniter4\framework\system\Database\BaseConnection.php(607): CodeIgniter\Database\BaseConnection->simpleQuery('SELECT *\nFROM `...')
#3 C:\xampp\htdocs\mdb_ci_full\vendor\codeigniter4\framework\system\Database\BaseBuilder.php(1616): CodeIgniter\Database\BaseConnection->query('SELECT *\nFROM `...', Array, false)
#4 C:\xampp\htdocs\mdb_ci_full\vendor\codeigniter4\framework\system\Model.php(242): CodeIgniter\Database\BaseBuilder->get()
#5 C:\xampp\htdocs\mdb_ci_full\vendor\codeigniter4\framework\system\BaseModel.php(638): CodeIgniter\Model->doFindAll(0, 0)
#6 C:\xampp\htdocs\mdb_ci_full\app\Controllers\DbTransTblHgeController.php(18): CodeIgniter\BaseModel->findAll()
#7 C:\xampp\htdocs\mdb_ci_full\vendor\codeigniter4\framework\system\CodeIgniter.php(941): App\Controllers\DbTransTblHgeController->index()
#8 C:\xampp\htdocs\mdb_ci_full\vendor\codeigniter4\framework\system\CodeIgniter.php(502): CodeIgniter\CodeIgniter->runController(Object(App\Controllers\DbTransTblHgeController))
#9 C:\xampp\htdocs\mdb_ci_full\vendor\codeigniter4\framework\system\CodeIgniter.php(361): CodeIgniter\CodeIgniter->handleRequest(NULL, Object(Config\Cache), false)
#10 C:\xampp\htdocs\mdb_ci_full\public\index.php(79): CodeIgniter\CodeIgniter->run()
#11 C:\xampp\htdocs\mdb_ci_full\vendor\codeigniter4\framework\system\Commands\Server\rewrite.php(47): require_once('C:\\xampp\\htdocs...')
#12 {main}
CRITICAL - 2024-05-31 17:21:13 --> CodeIgniter\Database\Exceptions\DatabaseException: Table 'mdb_ci_full.dbreference_ref_higher_educ_inst' doesn't exist
in SYSTEMPATH\Database\BaseConnection.php on line 647.
 1 SYSTEMPATH\Database\BaseBuilder.php(1616): CodeIgniter\Database\BaseConnection->query('SELECT *
FROM `dbreference_ref_higher_educ_inst`
WHERE `geoRegCode` = :geoRegCode:', [...], false)
 2 SYSTEMPATH\Model.php(242): CodeIgniter\Database\BaseBuilder->get()
 3 SYSTEMPATH\BaseModel.php(638): CodeIgniter\Model->doFindAll(0, 0)
 4 APPPATH\Controllers\DbTransTblHgeController.php(18): CodeIgniter\BaseModel->findAll()
 5 SYSTEMPATH\CodeIgniter.php(941): App\Controllers\DbTransTblHgeController->index()
 6 SYSTEMPATH\CodeIgniter.php(502): CodeIgniter\CodeIgniter->runController(Object(App\Controllers\DbTransTblHgeController))
 7 SYSTEMPATH\CodeIgniter.php(361): CodeIgniter\CodeIgniter->handleRequest(null, Object(Config\Cache), false)
 8 FCPATH\index.php(79): CodeIgniter\CodeIgniter->run()
 9 SYSTEMPATH\Commands\Server\rewrite.php(47): require_once('C:\\xampp\\htdocs\\mdb_ci_full\\public\\index.php')
CRITICAL - 2024-05-31 17:21:13 --> [Caused by] CodeIgniter\Database\Exceptions\DatabaseException: Table 'mdb_ci_full.dbreference_ref_higher_educ_inst' doesn't exist
in SYSTEMPATH\Database\MySQLi\Connection.php on line 311.
 1 SYSTEMPATH\Database\BaseConnection.php(693): CodeIgniter\Database\MySQLi\Connection->execute('SELECT *
FROM `dbreference_ref_higher_educ_inst`
WHERE `geoRegCode` = \'05\'')
 2 SYSTEMPATH\Database\BaseConnection.php(607): CodeIgniter\Database\BaseConnection->simpleQuery('SELECT *
FROM `dbreference_ref_higher_educ_inst`
WHERE `geoRegCode` = \'05\'')
 3 SYSTEMPATH\Database\BaseBuilder.php(1616): CodeIgniter\Database\BaseConnection->query('SELECT *
FROM `dbreference_ref_higher_educ_inst`
WHERE `geoRegCode` = :geoRegCode:', [...], false)
 4 SYSTEMPATH\Model.php(242): CodeIgniter\Database\BaseBuilder->get()
 5 SYSTEMPATH\BaseModel.php(638): CodeIgniter\Model->doFindAll(0, 0)
 6 APPPATH\Controllers\DbTransTblHgeController.php(18): CodeIgniter\BaseModel->findAll()
 7 SYSTEMPATH\CodeIgniter.php(941): App\Controllers\DbTransTblHgeController->index()
 8 SYSTEMPATH\CodeIgniter.php(502): CodeIgniter\CodeIgniter->runController(Object(App\Controllers\DbTransTblHgeController))
 9 SYSTEMPATH\CodeIgniter.php(361): CodeIgniter\CodeIgniter->handleRequest(null, Object(Config\Cache), false)
10 FCPATH\index.php(79): CodeIgniter\CodeIgniter->run()
11 SYSTEMPATH\Commands\Server\rewrite.php(47): require_once('C:\\xampp\\htdocs\\mdb_ci_full\\public\\index.php')
CRITICAL - 2024-05-31 17:21:13 --> [Caused by] mysqli_sql_exception: Table 'mdb_ci_full.dbreference_ref_higher_educ_inst' doesn't exist
in SYSTEMPATH\Database\MySQLi\Connection.php on line 306.
 1 SYSTEMPATH\Database\MySQLi\Connection.php(306): mysqli->query('SELECT *
FROM `dbreference_ref_higher_educ_inst`
WHERE `geoRegCode` = \'05\'', 0)
 2 SYSTEMPATH\Database\BaseConnection.php(693): CodeIgniter\Database\MySQLi\Connection->execute('SELECT *
FROM `dbreference_ref_higher_educ_inst`
WHERE `geoRegCode` = \'05\'')
 3 SYSTEMPATH\Database\BaseConnection.php(607): CodeIgniter\Database\BaseConnection->simpleQuery('SELECT *
FROM `dbreference_ref_higher_educ_inst`
WHERE `geoRegCode` = \'05\'')
 4 SYSTEMPATH\Database\BaseBuilder.php(1616): CodeIgniter\Database\BaseConnection->query('SELECT *
FROM `dbreference_ref_higher_educ_inst`
WHERE `geoRegCode` = :geoRegCode:', [...], false)
 5 SYSTEMPATH\Model.php(242): CodeIgniter\Database\BaseBuilder->get()
 6 SYSTEMPATH\BaseModel.php(638): CodeIgniter\Model->doFindAll(0, 0)
 7 APPPATH\Controllers\DbTransTblHgeController.php(18): CodeIgniter\BaseModel->findAll()
 8 SYSTEMPATH\CodeIgniter.php(941): App\Controllers\DbTransTblHgeController->index()
 9 SYSTEMPATH\CodeIgniter.php(502): CodeIgniter\CodeIgniter->runController(Object(App\Controllers\DbTransTblHgeController))
10 SYSTEMPATH\CodeIgniter.php(361): CodeIgniter\CodeIgniter->handleRequest(null, Object(Config\Cache), false)
11 FCPATH\index.php(79): CodeIgniter\CodeIgniter->run()
12 SYSTEMPATH\Commands\Server\rewrite.php(47): require_once('C:\\xampp\\htdocs\\mdb_ci_full\\public\\index.php')
ERROR - 2024-05-31 17:21:13 --> mysqli_sql_exception: Table 'mdb_ci_full.dbreference_ref_higher_educ_inst' doesn't exist in C:\xampp\htdocs\mdb_ci_full\vendor\codeigniter4\framework\system\Database\MySQLi\Connection.php:306
Stack trace:
#0 C:\xampp\htdocs\mdb_ci_full\vendor\codeigniter4\framework\system\Database\MySQLi\Connection.php(306): mysqli->query('SELECT *\nFROM `...', 0)
#1 C:\xampp\htdocs\mdb_ci_full\vendor\codeigniter4\framework\system\Database\BaseConnection.php(693): CodeIgniter\Database\MySQLi\Connection->execute('SELECT *\nFROM `...')
#2 C:\xampp\htdocs\mdb_ci_full\vendor\codeigniter4\framework\system\Database\BaseConnection.php(607): CodeIgniter\Database\BaseConnection->simpleQuery('SELECT *\nFROM `...')
#3 C:\xampp\htdocs\mdb_ci_full\vendor\codeigniter4\framework\system\Database\BaseBuilder.php(1616): CodeIgniter\Database\BaseConnection->query('SELECT *\nFROM `...', Array, false)
#4 C:\xampp\htdocs\mdb_ci_full\vendor\codeigniter4\framework\system\Model.php(242): CodeIgniter\Database\BaseBuilder->get()
#5 C:\xampp\htdocs\mdb_ci_full\vendor\codeigniter4\framework\system\BaseModel.php(638): CodeIgniter\Model->doFindAll(0, 0)
#6 C:\xampp\htdocs\mdb_ci_full\app\Controllers\DbTransTblHgeController.php(18): CodeIgniter\BaseModel->findAll()
#7 C:\xampp\htdocs\mdb_ci_full\vendor\codeigniter4\framework\system\CodeIgniter.php(941): App\Controllers\DbTransTblHgeController->index()
#8 C:\xampp\htdocs\mdb_ci_full\vendor\codeigniter4\framework\system\CodeIgniter.php(502): CodeIgniter\CodeIgniter->runController(Object(App\Controllers\DbTransTblHgeController))
#9 C:\xampp\htdocs\mdb_ci_full\vendor\codeigniter4\framework\system\CodeIgniter.php(361): CodeIgniter\CodeIgniter->handleRequest(NULL, Object(Config\Cache), false)
#10 C:\xampp\htdocs\mdb_ci_full\public\index.php(79): CodeIgniter\CodeIgniter->run()
#11 C:\xampp\htdocs\mdb_ci_full\vendor\codeigniter4\framework\system\Commands\Server\rewrite.php(47): require_once('C:\\xampp\\htdocs...')
#12 {main}
CRITICAL - 2024-05-31 17:21:13 --> CodeIgniter\Database\Exceptions\DatabaseException: Table 'mdb_ci_full.dbreference_ref_higher_educ_inst' doesn't exist
in SYSTEMPATH\Database\BaseConnection.php on line 647.
 1 SYSTEMPATH\Database\BaseBuilder.php(1616): CodeIgniter\Database\BaseConnection->query('SELECT *
FROM `dbreference_ref_higher_educ_inst`
WHERE `geoRegCode` = :geoRegCode:', [...], false)
 2 SYSTEMPATH\Model.php(242): CodeIgniter\Database\BaseBuilder->get()
 3 SYSTEMPATH\BaseModel.php(638): CodeIgniter\Model->doFindAll(0, 0)
 4 APPPATH\Controllers\DbTransTblHgeController.php(18): CodeIgniter\BaseModel->findAll()
 5 SYSTEMPATH\CodeIgniter.php(941): App\Controllers\DbTransTblHgeController->index()
 6 SYSTEMPATH\CodeIgniter.php(502): CodeIgniter\CodeIgniter->runController(Object(App\Controllers\DbTransTblHgeController))
 7 SYSTEMPATH\CodeIgniter.php(361): CodeIgniter\CodeIgniter->handleRequest(null, Object(Config\Cache), false)
 8 FCPATH\index.php(79): CodeIgniter\CodeIgniter->run()
 9 SYSTEMPATH\Commands\Server\rewrite.php(47): require_once('C:\\xampp\\htdocs\\mdb_ci_full\\public\\index.php')
CRITICAL - 2024-05-31 17:21:13 --> [Caused by] CodeIgniter\Database\Exceptions\DatabaseException: Table 'mdb_ci_full.dbreference_ref_higher_educ_inst' doesn't exist
in SYSTEMPATH\Database\MySQLi\Connection.php on line 311.
 1 SYSTEMPATH\Database\BaseConnection.php(693): CodeIgniter\Database\MySQLi\Connection->execute('SELECT *
FROM `dbreference_ref_higher_educ_inst`
WHERE `geoRegCode` = \'05\'')
 2 SYSTEMPATH\Database\BaseConnection.php(607): CodeIgniter\Database\BaseConnection->simpleQuery('SELECT *
FROM `dbreference_ref_higher_educ_inst`
WHERE `geoRegCode` = \'05\'')
 3 SYSTEMPATH\Database\BaseBuilder.php(1616): CodeIgniter\Database\BaseConnection->query('SELECT *
FROM `dbreference_ref_higher_educ_inst`
WHERE `geoRegCode` = :geoRegCode:', [...], false)
 4 SYSTEMPATH\Model.php(242): CodeIgniter\Database\BaseBuilder->get()
 5 SYSTEMPATH\BaseModel.php(638): CodeIgniter\Model->doFindAll(0, 0)
 6 APPPATH\Controllers\DbTransTblHgeController.php(18): CodeIgniter\BaseModel->findAll()
 7 SYSTEMPATH\CodeIgniter.php(941): App\Controllers\DbTransTblHgeController->index()
 8 SYSTEMPATH\CodeIgniter.php(502): CodeIgniter\CodeIgniter->runController(Object(App\Controllers\DbTransTblHgeController))
 9 SYSTEMPATH\CodeIgniter.php(361): CodeIgniter\CodeIgniter->handleRequest(null, Object(Config\Cache), false)
10 FCPATH\index.php(79): CodeIgniter\CodeIgniter->run()
11 SYSTEMPATH\Commands\Server\rewrite.php(47): require_once('C:\\xampp\\htdocs\\mdb_ci_full\\public\\index.php')
CRITICAL - 2024-05-31 17:21:13 --> [Caused by] mysqli_sql_exception: Table 'mdb_ci_full.dbreference_ref_higher_educ_inst' doesn't exist
in SYSTEMPATH\Database\MySQLi\Connection.php on line 306.
 1 SYSTEMPATH\Database\MySQLi\Connection.php(306): mysqli->query('SELECT *
FROM `dbreference_ref_higher_educ_inst`
WHERE `geoRegCode` = \'05\'', 0)
 2 SYSTEMPATH\Database\BaseConnection.php(693): CodeIgniter\Database\MySQLi\Connection->execute('SELECT *
FROM `dbreference_ref_higher_educ_inst`
WHERE `geoRegCode` = \'05\'')
 3 SYSTEMPATH\Database\BaseConnection.php(607): CodeIgniter\Database\BaseConnection->simpleQuery('SELECT *
FROM `dbreference_ref_higher_educ_inst`
WHERE `geoRegCode` = \'05\'')
 4 SYSTEMPATH\Database\BaseBuilder.php(1616): CodeIgniter\Database\BaseConnection->query('SELECT *
FROM `dbreference_ref_higher_educ_inst`
WHERE `geoRegCode` = :geoRegCode:', [...], false)
 5 SYSTEMPATH\Model.php(242): CodeIgniter\Database\BaseBuilder->get()
 6 SYSTEMPATH\BaseModel.php(638): CodeIgniter\Model->doFindAll(0, 0)
 7 APPPATH\Controllers\DbTransTblHgeController.php(18): CodeIgniter\BaseModel->findAll()
 8 SYSTEMPATH\CodeIgniter.php(941): App\Controllers\DbTransTblHgeController->index()
 9 SYSTEMPATH\CodeIgniter.php(502): CodeIgniter\CodeIgniter->runController(Object(App\Controllers\DbTransTblHgeController))
10 SYSTEMPATH\CodeIgniter.php(361): CodeIgniter\CodeIgniter->handleRequest(null, Object(Config\Cache), false)
11 FCPATH\index.php(79): CodeIgniter\CodeIgniter->run()
12 SYSTEMPATH\Commands\Server\rewrite.php(47): require_once('C:\\xampp\\htdocs\\mdb_ci_full\\public\\index.php')
