CRITICAL - 2024-04-02 14:19:52 --> ErrorException: Undefined variable $data
in APPPATH\Views\hge\add.php on line 27.
 1 APPPATH\Views\hge\add.php(27): CodeIgniter\Debug\Exceptions->errorHandler(2, 'Undefined variable $data', 'C:\\xampp\\htdocs\\mdb_ci_full\\app\\Views\\hge\\add.php', 27)
 2 SYSTEMPATH\View\View.php(228): include('C:\\xampp\\htdocs\\mdb_ci_full\\app\\Views\\hge\\add.php')
 3 SYSTEMPATH\View\View.php(231): CodeIgniter\View\View->CodeIgniter\View\{closure}()
 4 SYSTEMPATH\Common.php(1178): CodeIgniter\View\View->render('hge/add', [], true)
 5 APPPATH\Controllers\DbTransTblHgeController.php(16): view('hge/add', [...])
 6 SYSTEMPATH\CodeIgniter.php(941): App\Controllers\DbTransTblHgeController->index()
 7 SYSTEMPATH\CodeIgniter.php(502): CodeIgniter\CodeIgniter->runController(Object(App\Controllers\DbTransTblHgeController))
 8 SYSTEMPATH\CodeIgniter.php(361): CodeIgniter\CodeIgniter->handleRequest(null, Object(Config\Cache), false)
 9 FCPATH\index.php(79): CodeIgniter\CodeIgniter->run()
10 SYSTEMPATH\Commands\Server\rewrite.php(47): require_once('C:\\xampp\\htdocs\\mdb_ci_full\\public\\index.php')
CRITICAL - 2024-04-02 14:22:20 --> ErrorException: Undefined variable $data
in APPPATH\Views\hge\add.php on line 27.
 1 APPPATH\Views\hge\add.php(27): CodeIgniter\Debug\Exceptions->errorHandler(2, 'Undefined variable $data', 'C:\\xampp\\htdocs\\mdb_ci_full\\app\\Views\\hge\\add.php', 27)
 2 SYSTEMPATH\View\View.php(228): include('C:\\xampp\\htdocs\\mdb_ci_full\\app\\Views\\hge\\add.php')
 3 SYSTEMPATH\View\View.php(231): CodeIgniter\View\View->CodeIgniter\View\{closure}()
 4 SYSTEMPATH\Common.php(1178): CodeIgniter\View\View->render('hge/add', [], true)
 5 APPPATH\Controllers\DbTransTblHgeController.php(16): view('hge/add', [...])
 6 SYSTEMPATH\CodeIgniter.php(941): App\Controllers\DbTransTblHgeController->index()
 7 SYSTEMPATH\CodeIgniter.php(502): CodeIgniter\CodeIgniter->runController(Object(App\Controllers\DbTransTblHgeController))
 8 SYSTEMPATH\CodeIgniter.php(361): CodeIgniter\CodeIgniter->handleRequest(null, Object(Config\Cache), false)
 9 FCPATH\index.php(79): CodeIgniter\CodeIgniter->run()
10 SYSTEMPATH\Commands\Server\rewrite.php(47): require_once('C:\\xampp\\htdocs\\mdb_ci_full\\public\\index.php')
CRITICAL - 2024-04-02 14:22:37 --> ErrorException: Undefined variable $data
in APPPATH\Views\hge\add.php on line 27.
 1 APPPATH\Views\hge\add.php(27): CodeIgniter\Debug\Exceptions->errorHandler(2, 'Undefined variable $data', 'C:\\xampp\\htdocs\\mdb_ci_full\\app\\Views\\hge\\add.php', 27)
 2 SYSTEMPATH\View\View.php(228): include('C:\\xampp\\htdocs\\mdb_ci_full\\app\\Views\\hge\\add.php')
 3 SYSTEMPATH\View\View.php(231): CodeIgniter\View\View->CodeIgniter\View\{closure}()
 4 SYSTEMPATH\Common.php(1178): CodeIgniter\View\View->render('hge/add', [], true)
 5 APPPATH\Controllers\DbTransTblHgeController.php(16): view('hge/add', [...])
 6 SYSTEMPATH\CodeIgniter.php(941): App\Controllers\DbTransTblHgeController->index()
 7 SYSTEMPATH\CodeIgniter.php(502): CodeIgniter\CodeIgniter->runController(Object(App\Controllers\DbTransTblHgeController))
 8 SYSTEMPATH\CodeIgniter.php(361): CodeIgniter\CodeIgniter->handleRequest(null, Object(Config\Cache), false)
 9 FCPATH\index.php(79): CodeIgniter\CodeIgniter->run()
10 SYSTEMPATH\Commands\Server\rewrite.php(47): require_once('C:\\xampp\\htdocs\\mdb_ci_full\\public\\index.php')
CRITICAL - 2024-04-02 14:23:37 --> ErrorException: Undefined variable $data
in APPPATH\Views\hge\add.php on line 27.
 1 APPPATH\Views\hge\add.php(27): CodeIgniter\Debug\Exceptions->errorHandler(2, 'Undefined variable $data', 'C:\\xampp\\htdocs\\mdb_ci_full\\app\\Views\\hge\\add.php', 27)
 2 SYSTEMPATH\View\View.php(228): include('C:\\xampp\\htdocs\\mdb_ci_full\\app\\Views\\hge\\add.php')
 3 SYSTEMPATH\View\View.php(231): CodeIgniter\View\View->CodeIgniter\View\{closure}()
 4 SYSTEMPATH\Common.php(1178): CodeIgniter\View\View->render('hge/add', [], true)
 5 APPPATH\Controllers\DbTransTblHgeController.php(16): view('hge/add', [...])
 6 SYSTEMPATH\CodeIgniter.php(941): App\Controllers\DbTransTblHgeController->index()
 7 SYSTEMPATH\CodeIgniter.php(502): CodeIgniter\CodeIgniter->runController(Object(App\Controllers\DbTransTblHgeController))
 8 SYSTEMPATH\CodeIgniter.php(361): CodeIgniter\CodeIgniter->handleRequest(null, Object(Config\Cache), false)
 9 FCPATH\index.php(79): CodeIgniter\CodeIgniter->run()
10 SYSTEMPATH\Commands\Server\rewrite.php(47): require_once('C:\\xampp\\htdocs\\mdb_ci_full\\public\\index.php')
CRITICAL - 2024-04-02 14:23:47 --> ErrorException: Undefined variable $data
in APPPATH\Views\hge\add.php on line 27.
 1 APPPATH\Views\hge\add.php(27): CodeIgniter\Debug\Exceptions->errorHandler(2, 'Undefined variable $data', 'C:\\xampp\\htdocs\\mdb_ci_full\\app\\Views\\hge\\add.php', 27)
 2 SYSTEMPATH\View\View.php(228): include('C:\\xampp\\htdocs\\mdb_ci_full\\app\\Views\\hge\\add.php')
 3 SYSTEMPATH\View\View.php(231): CodeIgniter\View\View->CodeIgniter\View\{closure}()
 4 SYSTEMPATH\Common.php(1178): CodeIgniter\View\View->render('hge/add', [], true)
 5 APPPATH\Controllers\DbTransTblHgeController.php(16): view('hge/add', [...])
 6 SYSTEMPATH\CodeIgniter.php(941): App\Controllers\DbTransTblHgeController->index()
 7 SYSTEMPATH\CodeIgniter.php(502): CodeIgniter\CodeIgniter->runController(Object(App\Controllers\DbTransTblHgeController))
 8 SYSTEMPATH\CodeIgniter.php(361): CodeIgniter\CodeIgniter->handleRequest(null, Object(Config\Cache), false)
 9 FCPATH\index.php(79): CodeIgniter\CodeIgniter->run()
10 SYSTEMPATH\Commands\Server\rewrite.php(47): require_once('C:\\xampp\\htdocs\\mdb_ci_full\\public\\index.php')
CRITICAL - 2024-04-02 14:27:20 --> ErrorException: Attempt to read property "RegCode" on array
in APPPATH\Views\hge\add.php on line 27.
 1 APPPATH\Views\hge\add.php(27): CodeIgniter\Debug\Exceptions->errorHandler(2, 'Attempt to read property "RegCode" on array', 'C:\\xampp\\htdocs\\mdb_ci_full\\app\\Views\\hge\\add.php', 27)
 2 SYSTEMPATH\View\View.php(228): include('C:\\xampp\\htdocs\\mdb_ci_full\\app\\Views\\hge\\add.php')
 3 SYSTEMPATH\View\View.php(231): CodeIgniter\View\View->CodeIgniter\View\{closure}()
 4 SYSTEMPATH\Common.php(1178): CodeIgniter\View\View->render('hge/add', [], true)
 5 APPPATH\Controllers\DbTransTblHgeController.php(16): view('hge/add', [...])
 6 SYSTEMPATH\CodeIgniter.php(941): App\Controllers\DbTransTblHgeController->index()
 7 SYSTEMPATH\CodeIgniter.php(502): CodeIgniter\CodeIgniter->runController(Object(App\Controllers\DbTransTblHgeController))
 8 SYSTEMPATH\CodeIgniter.php(361): CodeIgniter\CodeIgniter->handleRequest(null, Object(Config\Cache), false)
 9 FCPATH\index.php(79): CodeIgniter\CodeIgniter->run()
10 SYSTEMPATH\Commands\Server\rewrite.php(47): require_once('C:\\xampp\\htdocs\\mdb_ci_full\\public\\index.php')
CRITICAL - 2024-04-02 14:28:27 --> ErrorException: Attempt to read property "RegCode" on array
in APPPATH\Views\hge\add.php on line 27.
 1 APPPATH\Views\hge\add.php(27): CodeIgniter\Debug\Exceptions->errorHandler(2, 'Attempt to read property "RegCode" on array', 'C:\\xampp\\htdocs\\mdb_ci_full\\app\\Views\\hge\\add.php', 27)
 2 SYSTEMPATH\View\View.php(228): include('C:\\xampp\\htdocs\\mdb_ci_full\\app\\Views\\hge\\add.php')
 3 SYSTEMPATH\View\View.php(231): CodeIgniter\View\View->CodeIgniter\View\{closure}()
 4 SYSTEMPATH\Common.php(1178): CodeIgniter\View\View->render('hge/add', [], true)
 5 APPPATH\Controllers\DbTransTblHgeController.php(16): view('hge/add', [...])
 6 SYSTEMPATH\CodeIgniter.php(941): App\Controllers\DbTransTblHgeController->index()
 7 SYSTEMPATH\CodeIgniter.php(502): CodeIgniter\CodeIgniter->runController(Object(App\Controllers\DbTransTblHgeController))
 8 SYSTEMPATH\CodeIgniter.php(361): CodeIgniter\CodeIgniter->handleRequest(null, Object(Config\Cache), false)
 9 FCPATH\index.php(79): CodeIgniter\CodeIgniter->run()
10 SYSTEMPATH\Commands\Server\rewrite.php(47): require_once('C:\\xampp\\htdocs\\mdb_ci_full\\public\\index.php')
CRITICAL - 2024-04-02 14:29:14 --> ErrorException: Undefined array key "RegCode"
in APPPATH\Views\hge\add.php on line 27.
 1 APPPATH\Views\hge\add.php(27): CodeIgniter\Debug\Exceptions->errorHandler(2, 'Undefined array key "RegCode"', 'C:\\xampp\\htdocs\\mdb_ci_full\\app\\Views\\hge\\add.php', 27)
 2 SYSTEMPATH\View\View.php(228): include('C:\\xampp\\htdocs\\mdb_ci_full\\app\\Views\\hge\\add.php')
 3 SYSTEMPATH\View\View.php(231): CodeIgniter\View\View->CodeIgniter\View\{closure}()
 4 SYSTEMPATH\Common.php(1178): CodeIgniter\View\View->render('hge/add', [], true)
 5 APPPATH\Controllers\DbTransTblHgeController.php(16): view('hge/add', [...])
 6 SYSTEMPATH\CodeIgniter.php(941): App\Controllers\DbTransTblHgeController->index()
 7 SYSTEMPATH\CodeIgniter.php(502): CodeIgniter\CodeIgniter->runController(Object(App\Controllers\DbTransTblHgeController))
 8 SYSTEMPATH\CodeIgniter.php(361): CodeIgniter\CodeIgniter->handleRequest(null, Object(Config\Cache), false)
 9 FCPATH\index.php(79): CodeIgniter\CodeIgniter->run()
10 SYSTEMPATH\Commands\Server\rewrite.php(47): require_once('C:\\xampp\\htdocs\\mdb_ci_full\\public\\index.php')
CRITICAL - 2024-04-02 14:29:40 --> ErrorException: Undefined variable $data
in APPPATH\Views\hge\add.php on line 27.
 1 APPPATH\Views\hge\add.php(27): CodeIgniter\Debug\Exceptions->errorHandler(2, 'Undefined variable $data', 'C:\\xampp\\htdocs\\mdb_ci_full\\app\\Views\\hge\\add.php', 27)
 2 SYSTEMPATH\View\View.php(228): include('C:\\xampp\\htdocs\\mdb_ci_full\\app\\Views\\hge\\add.php')
 3 SYSTEMPATH\View\View.php(231): CodeIgniter\View\View->CodeIgniter\View\{closure}()
 4 SYSTEMPATH\Common.php(1178): CodeIgniter\View\View->render('hge/add', [], true)
 5 APPPATH\Controllers\DbTransTblHgeController.php(16): view('hge/add', [...])
 6 SYSTEMPATH\CodeIgniter.php(941): App\Controllers\DbTransTblHgeController->index()
 7 SYSTEMPATH\CodeIgniter.php(502): CodeIgniter\CodeIgniter->runController(Object(App\Controllers\DbTransTblHgeController))
 8 SYSTEMPATH\CodeIgniter.php(361): CodeIgniter\CodeIgniter->handleRequest(null, Object(Config\Cache), false)
 9 FCPATH\index.php(79): CodeIgniter\CodeIgniter->run()
10 SYSTEMPATH\Commands\Server\rewrite.php(47): require_once('C:\\xampp\\htdocs\\mdb_ci_full\\public\\index.php')
CRITICAL - 2024-04-02 14:30:00 --> ErrorException: Undefined variable $data
in APPPATH\Views\hge\add.php on line 27.
 1 APPPATH\Views\hge\add.php(27): CodeIgniter\Debug\Exceptions->errorHandler(2, 'Undefined variable $data', 'C:\\xampp\\htdocs\\mdb_ci_full\\app\\Views\\hge\\add.php', 27)
 2 SYSTEMPATH\View\View.php(228): include('C:\\xampp\\htdocs\\mdb_ci_full\\app\\Views\\hge\\add.php')
 3 SYSTEMPATH\View\View.php(231): CodeIgniter\View\View->CodeIgniter\View\{closure}()
 4 SYSTEMPATH\Common.php(1178): CodeIgniter\View\View->render('hge/add', [], true)
 5 APPPATH\Controllers\DbTransTblHgeController.php(16): view('hge/add', [...])
 6 SYSTEMPATH\CodeIgniter.php(941): App\Controllers\DbTransTblHgeController->index()
 7 SYSTEMPATH\CodeIgniter.php(502): CodeIgniter\CodeIgniter->runController(Object(App\Controllers\DbTransTblHgeController))
 8 SYSTEMPATH\CodeIgniter.php(361): CodeIgniter\CodeIgniter->handleRequest(null, Object(Config\Cache), false)
 9 FCPATH\index.php(79): CodeIgniter\CodeIgniter->run()
10 SYSTEMPATH\Commands\Server\rewrite.php(47): require_once('C:\\xampp\\htdocs\\mdb_ci_full\\public\\index.php')
