CRITICAL - 2024-03-16 13:58:17 --> Error: Class "App\Controllers\PDO" not found
in APPPATH\Controllers\Home.php on line 16.
 1 SYSTEMPATH\CodeIgniter.php(941): App\Controllers\Home->index()
 2 SYSTEMPATH\CodeIgniter.php(502): CodeIgniter\CodeIgniter->runController(Object(App\Controllers\Home))
 3 SYSTEMPATH\CodeIgniter.php(361): CodeIgniter\CodeIgniter->handleRequest(null, Object(Config\Cache), false)
 4 FCPATH\index.php(79): CodeIgniter\CodeIgniter->run()
CRITICAL - 2024-03-16 14:14:23 --> CodeIgniter\View\Exceptions\ViewException: Invalid file: "Connected to the database successfully..php"
in SYSTEMPATH\Exceptions\FrameworkException.php on line 39.
 1 SYSTEMPATH\View\View.php(216): CodeIgniter\Exceptions\FrameworkException::forInvalidFile('Connected to the database successfully..php')
 2 SYSTEMPATH\Common.php(1178): CodeIgniter\View\View->render('Connected to the database successfully.', [], true)
 3 APPPATH\Controllers\Home.php(25): view('Connected to the database successfully.')
 4 SYSTEMPATH\CodeIgniter.php(941): App\Controllers\Home->index()
 5 SYSTEMPATH\CodeIgniter.php(502): CodeIgniter\CodeIgniter->runController(Object(App\Controllers\Home))
 6 SYSTEMPATH\CodeIgniter.php(361): CodeIgniter\CodeIgniter->handleRequest(null, Object(Config\Cache), false)
 7 FCPATH\index.php(79): CodeIgniter\CodeIgniter->run()
CRITICAL - 2024-03-16 14:20:30 --> ErrorException: Undefined variable $users
in APPPATH\Views\welcome_message.php on line 215.
 1 APPPATH\Views\welcome_message.php(215): CodeIgniter\Debug\Exceptions->errorHandler(2, 'Undefined variable $users', 'C:\\xampp\\htdocs\\mdb_ci\\app\\Views\\welcome_message.php', 215)
 2 SYSTEMPATH\View\View.php(228): include('C:\\xampp\\htdocs\\mdb_ci\\app\\Views\\welcome_message.php')
 3 SYSTEMPATH\View\View.php(231): CodeIgniter\View\View->CodeIgniter\View\{closure}()
 4 SYSTEMPATH\Common.php(1178): CodeIgniter\View\View->render('welcome_message', [], true)
 5 APPPATH\Controllers\Home.php(28): view('welcome_message', [...])
 6 SYSTEMPATH\CodeIgniter.php(941): App\Controllers\Home->index()
 7 SYSTEMPATH\CodeIgniter.php(502): CodeIgniter\CodeIgniter->runController(Object(App\Controllers\Home))
 8 SYSTEMPATH\CodeIgniter.php(361): CodeIgniter\CodeIgniter->handleRequest(null, Object(Config\Cache), false)
 9 FCPATH\index.php(79): CodeIgniter\CodeIgniter->run()
CRITICAL - 2024-03-16 14:21:39 --> ParseError: syntax error, unexpected end of file
in APPPATH\Views\welcome_message.php on line 247.
 1 SYSTEMPATH\View\View.php(231): CodeIgniter\View\View->CodeIgniter\View\{closure}()
 2 SYSTEMPATH\Common.php(1178): CodeIgniter\View\View->render('welcome_message', [], true)
 3 APPPATH\Controllers\Home.php(28): view('welcome_message', [...])
 4 SYSTEMPATH\CodeIgniter.php(941): App\Controllers\Home->index()
 5 SYSTEMPATH\CodeIgniter.php(502): CodeIgniter\CodeIgniter->runController(Object(App\Controllers\Home))
 6 SYSTEMPATH\CodeIgniter.php(361): CodeIgniter\CodeIgniter->handleRequest(null, Object(Config\Cache), false)
 7 FCPATH\index.php(79): CodeIgniter\CodeIgniter->run()
CRITICAL - 2024-03-16 14:22:48 --> ErrorException: Undefined variable $users
in APPPATH\Views\welcome_message.php on line 215.
 1 APPPATH\Views\welcome_message.php(215): CodeIgniter\Debug\Exceptions->errorHandler(2, 'Undefined variable $users', 'C:\\xampp\\htdocs\\mdb_ci\\app\\Views\\welcome_message.php', 215)
 2 SYSTEMPATH\View\View.php(228): include('C:\\xampp\\htdocs\\mdb_ci\\app\\Views\\welcome_message.php')
 3 SYSTEMPATH\View\View.php(231): CodeIgniter\View\View->CodeIgniter\View\{closure}()
 4 SYSTEMPATH\Common.php(1178): CodeIgniter\View\View->render('welcome_message', [], true)
 5 APPPATH\Controllers\Home.php(28): view('welcome_message', [...])
 6 SYSTEMPATH\CodeIgniter.php(941): App\Controllers\Home->index()
 7 SYSTEMPATH\CodeIgniter.php(502): CodeIgniter\CodeIgniter->runController(Object(App\Controllers\Home))
 8 SYSTEMPATH\CodeIgniter.php(361): CodeIgniter\CodeIgniter->handleRequest(null, Object(Config\Cache), false)
 9 FCPATH\index.php(79): CodeIgniter\CodeIgniter->run()
CRITICAL - 2024-03-16 14:27:16 --> ErrorException: Undefined variable $pdo
in APPPATH\Controllers\Home.php on line 25.
 1 APPPATH\Controllers\Home.php(25): CodeIgniter\Debug\Exceptions->errorHandler(2, 'Undefined variable $pdo', 'C:\\xampp\\htdocs\\mdb_ci\\app\\Controllers\\Home.php', 25)
 2 SYSTEMPATH\CodeIgniter.php(941): App\Controllers\Home->index()
 3 SYSTEMPATH\CodeIgniter.php(502): CodeIgniter\CodeIgniter->runController(Object(App\Controllers\Home))
 4 SYSTEMPATH\CodeIgniter.php(361): CodeIgniter\CodeIgniter->handleRequest(null, Object(Config\Cache), false)
 5 FCPATH\index.php(79): CodeIgniter\CodeIgniter->run()
CRITICAL - 2024-03-16 15:17:48 --> ErrorException: Undefined variable $users
in APPPATH\Views\welcome_message.php on line 215.
 1 APPPATH\Views\welcome_message.php(215): CodeIgniter\Debug\Exceptions->errorHandler(2, 'Undefined variable $users', 'C:\\xampp\\htdocs\\mdb_ci\\app\\Views\\welcome_message.php', 215)
 2 SYSTEMPATH\View\View.php(228): include('C:\\xampp\\htdocs\\mdb_ci\\app\\Views\\welcome_message.php')
 3 SYSTEMPATH\View\View.php(231): CodeIgniter\View\View->CodeIgniter\View\{closure}()
 4 SYSTEMPATH\Common.php(1178): CodeIgniter\View\View->render('welcome_message', [], true)
 5 APPPATH\Controllers\Home.php(43): view('welcome_message')
 6 SYSTEMPATH\CodeIgniter.php(941): App\Controllers\Home->update_user('EBA')
 7 SYSTEMPATH\CodeIgniter.php(502): CodeIgniter\CodeIgniter->runController(Object(App\Controllers\Home))
 8 SYSTEMPATH\CodeIgniter.php(361): CodeIgniter\CodeIgniter->handleRequest(null, Object(Config\Cache), false)
 9 FCPATH\index.php(79): CodeIgniter\CodeIgniter->run()
CRITICAL - 2024-03-16 15:19:23 --> ErrorException: Undefined variable $users
in APPPATH\Views\welcome_message.php on line 215.
 1 APPPATH\Views\welcome_message.php(215): CodeIgniter\Debug\Exceptions->errorHandler(2, 'Undefined variable $users', 'C:\\xampp\\htdocs\\mdb_ci\\app\\Views\\welcome_message.php', 215)
 2 SYSTEMPATH\View\View.php(228): include('C:\\xampp\\htdocs\\mdb_ci\\app\\Views\\welcome_message.php')
 3 SYSTEMPATH\View\View.php(231): CodeIgniter\View\View->CodeIgniter\View\{closure}()
 4 SYSTEMPATH\Common.php(1178): CodeIgniter\View\View->render('welcome_message', [], true)
 5 APPPATH\Controllers\Home.php(43): view('welcome_message')
 6 SYSTEMPATH\CodeIgniter.php(941): App\Controllers\Home->update_user('EBA')
 7 SYSTEMPATH\CodeIgniter.php(502): CodeIgniter\CodeIgniter->runController(Object(App\Controllers\Home))
 8 SYSTEMPATH\CodeIgniter.php(361): CodeIgniter\CodeIgniter->handleRequest(null, Object(Config\Cache), false)
 9 FCPATH\index.php(79): CodeIgniter\CodeIgniter->run()
