CRITICAL - 2024-04-01 10:21:05 --> Error: Call to a member function query() on null
in APPPATH\Controllers\Home.php on line 16.
 1 SYSTEMPATH\CodeIgniter.php(941): App\Controllers\Home->index()
 2 SYSTEMPATH\CodeIgniter.php(502): CodeIgniter\CodeIgniter->runController(Object(App\Controllers\Home))
 3 SYSTEMPATH\CodeIgniter.php(361): CodeIgniter\CodeIgniter->handleRequest(null, Object(Config\Cache), false)
 4 FCPATH\index.php(79): CodeIgniter\CodeIgniter->run()
 5 SYSTEMPATH\Commands\Server\rewrite.php(47): require_once('C:\\xampp\\htdocs\\mdb_ci_full\\public\\index.php')
CRITICAL - 2024-04-01 10:22:13 --> ErrorException: Undefined variable $users
in APPPATH\Views\welcome_message.php on line 215.
 1 APPPATH\Views\welcome_message.php(215): CodeIgniter\Debug\Exceptions->errorHandler(2, 'Undefined variable $users', 'C:\\xampp\\htdocs\\mdb_ci_full\\app\\Views\\welcome_message.php', 215)
 2 SYSTEMPATH\View\View.php(228): include('C:\\xampp\\htdocs\\mdb_ci_full\\app\\Views\\welcome_message.php')
 3 SYSTEMPATH\View\View.php(231): CodeIgniter\View\View->CodeIgniter\View\{closure}()
 4 SYSTEMPATH\Common.php(1178): CodeIgniter\View\View->render('welcome_message', [], true)
 5 APPPATH\Controllers\Home.php(30): view('welcome_message')
 6 SYSTEMPATH\CodeIgniter.php(941): App\Controllers\Home->welcome()
 7 SYSTEMPATH\CodeIgniter.php(502): CodeIgniter\CodeIgniter->runController(Object(App\Controllers\Home))
 8 SYSTEMPATH\CodeIgniter.php(361): CodeIgniter\CodeIgniter->handleRequest(null, Object(Config\Cache), false)
 9 FCPATH\index.php(79): CodeIgniter\CodeIgniter->run()
10 SYSTEMPATH\Commands\Server\rewrite.php(47): require_once('C:\\xampp\\htdocs\\mdb_ci_full\\public\\index.php')
CRITICAL - 2024-04-01 10:22:51 --> ErrorException: Undefined variable $users
in APPPATH\Views\welcome_message2.php on line 215.
 1 APPPATH\Views\welcome_message2.php(215): CodeIgniter\Debug\Exceptions->errorHandler(2, 'Undefined variable $users', 'C:\\xampp\\htdocs\\mdb_ci_full\\app\\Views\\welcome_message2.php', 215)
 2 SYSTEMPATH\View\View.php(228): include('C:\\xampp\\htdocs\\mdb_ci_full\\app\\Views\\welcome_message2.php')
 3 SYSTEMPATH\View\View.php(231): CodeIgniter\View\View->CodeIgniter\View\{closure}()
 4 SYSTEMPATH\Common.php(1178): CodeIgniter\View\View->render('welcome_message2', [], true)
 5 APPPATH\Controllers\Home.php(30): view('welcome_message2')
 6 SYSTEMPATH\CodeIgniter.php(941): App\Controllers\Home->welcome()
 7 SYSTEMPATH\CodeIgniter.php(502): CodeIgniter\CodeIgniter->runController(Object(App\Controllers\Home))
 8 SYSTEMPATH\CodeIgniter.php(361): CodeIgniter\CodeIgniter->handleRequest(null, Object(Config\Cache), false)
 9 FCPATH\index.php(79): CodeIgniter\CodeIgniter->run()
10 SYSTEMPATH\Commands\Server\rewrite.php(47): require_once('C:\\xampp\\htdocs\\mdb_ci_full\\public\\index.php')
