ERROR - 2024-04-16 03:56:27 --> mysqli_sql_exception: Table 'mdb_ci_full.dbreference_ref_region' doesn't exist in C:\xampp\htdocs\mdb_ci_full\vendor\codeigniter4\framework\system\Database\MySQLi\Connection.php:306
Stack trace:
#0 C:\xampp\htdocs\mdb_ci_full\vendor\codeigniter4\framework\system\Database\MySQLi\Connection.php(306): mysqli->query('SELECT *\nFROM `...', 0)
#1 C:\xampp\htdocs\mdb_ci_full\vendor\codeigniter4\framework\system\Database\BaseConnection.php(693): CodeIgniter\Database\MySQLi\Connection->execute('SELECT *\nFROM `...')
#2 C:\xampp\htdocs\mdb_ci_full\vendor\codeigniter4\framework\system\Database\BaseConnection.php(607): CodeIgniter\Database\BaseConnection->simpleQuery('SELECT *\nFROM `...')
#3 C:\xampp\htdocs\mdb_ci_full\vendor\codeigniter4\framework\system\Database\BaseBuilder.php(1616): CodeIgniter\Database\BaseConnection->query('SELECT *\nFROM `...', Array, false)
#4 C:\xampp\htdocs\mdb_ci_full\vendor\codeigniter4\framework\system\Model.php(270): CodeIgniter\Database\BaseBuilder->get()
#5 C:\xampp\htdocs\mdb_ci_full\vendor\codeigniter4\framework\system\BaseModel.php(676): CodeIgniter\Model->doFirst()
#6 C:\xampp\htdocs\mdb_ci_full\app\Controllers\DbTransTblHgeController.php(14): CodeIgniter\BaseModel->first()
#7 C:\xampp\htdocs\mdb_ci_full\vendor\codeigniter4\framework\system\CodeIgniter.php(941): App\Controllers\DbTransTblHgeController->index()
#8 C:\xampp\htdocs\mdb_ci_full\vendor\codeigniter4\framework\system\CodeIgniter.php(502): CodeIgniter\CodeIgniter->runController(Object(App\Controllers\DbTransTblHgeController))
#9 C:\xampp\htdocs\mdb_ci_full\vendor\codeigniter4\framework\system\CodeIgniter.php(361): CodeIgniter\CodeIgniter->handleRequest(NULL, Object(Config\Cache), false)
#10 C:\xampp\htdocs\mdb_ci_full\public\index.php(79): CodeIgniter\CodeIgniter->run()
#11 C:\xampp\htdocs\mdb_ci_full\vendor\codeigniter4\framework\system\Commands\Server\rewrite.php(47): require_once('C:\\xampp\\htdocs...')
#12 {main}
CRITICAL - 2024-04-16 03:56:27 --> CodeIgniter\Database\Exceptions\DatabaseException: Table 'mdb_ci_full.dbreference_ref_region' doesn't exist
in SYSTEMPATH\Database\BaseConnection.php on line 647.
 1 SYSTEMPATH\Database\BaseBuilder.php(1616): CodeIgniter\Database\BaseConnection->query('SELECT *
FROM `dbreference_ref_region`
WHERE `RegCode` = :RegCode:
 LIMIT 1', [...], false)
 2 SYSTEMPATH\Model.php(270): CodeIgniter\Database\BaseBuilder->get()
 3 SYSTEMPATH\BaseModel.php(676): CodeIgniter\Model->doFirst()
 4 APPPATH\Controllers\DbTransTblHgeController.php(14): CodeIgniter\BaseModel->first()
 5 SYSTEMPATH\CodeIgniter.php(941): App\Controllers\DbTransTblHgeController->index()
 6 SYSTEMPATH\CodeIgniter.php(502): CodeIgniter\CodeIgniter->runController(Object(App\Controllers\DbTransTblHgeController))
 7 SYSTEMPATH\CodeIgniter.php(361): CodeIgniter\CodeIgniter->handleRequest(null, Object(Config\Cache), false)
 8 FCPATH\index.php(79): CodeIgniter\CodeIgniter->run()
 9 SYSTEMPATH\Commands\Server\rewrite.php(47): require_once('C:\\xampp\\htdocs\\mdb_ci_full\\public\\index.php')
CRITICAL - 2024-04-16 03:56:27 --> [Caused by] CodeIgniter\Database\Exceptions\DatabaseException: Table 'mdb_ci_full.dbreference_ref_region' doesn't exist
in SYSTEMPATH\Database\MySQLi\Connection.php on line 311.
 1 SYSTEMPATH\Database\BaseConnection.php(693): CodeIgniter\Database\MySQLi\Connection->execute('SELECT *
FROM `dbreference_ref_region`
WHERE `RegCode` = \'05\'
 LIMIT 1')
 2 SYSTEMPATH\Database\BaseConnection.php(607): CodeIgniter\Database\BaseConnection->simpleQuery('SELECT *
FROM `dbreference_ref_region`
WHERE `RegCode` = \'05\'
 LIMIT 1')
 3 SYSTEMPATH\Database\BaseBuilder.php(1616): CodeIgniter\Database\BaseConnection->query('SELECT *
FROM `dbreference_ref_region`
WHERE `RegCode` = :RegCode:
 LIMIT 1', [...], false)
 4 SYSTEMPATH\Model.php(270): CodeIgniter\Database\BaseBuilder->get()
 5 SYSTEMPATH\BaseModel.php(676): CodeIgniter\Model->doFirst()
 6 APPPATH\Controllers\DbTransTblHgeController.php(14): CodeIgniter\BaseModel->first()
 7 SYSTEMPATH\CodeIgniter.php(941): App\Controllers\DbTransTblHgeController->index()
 8 SYSTEMPATH\CodeIgniter.php(502): CodeIgniter\CodeIgniter->runController(Object(App\Controllers\DbTransTblHgeController))
 9 SYSTEMPATH\CodeIgniter.php(361): CodeIgniter\CodeIgniter->handleRequest(null, Object(Config\Cache), false)
10 FCPATH\index.php(79): CodeIgniter\CodeIgniter->run()
11 SYSTEMPATH\Commands\Server\rewrite.php(47): require_once('C:\\xampp\\htdocs\\mdb_ci_full\\public\\index.php')
CRITICAL - 2024-04-16 03:56:27 --> [Caused by] mysqli_sql_exception: Table 'mdb_ci_full.dbreference_ref_region' doesn't exist
in SYSTEMPATH\Database\MySQLi\Connection.php on line 306.
 1 SYSTEMPATH\Database\MySQLi\Connection.php(306): mysqli->query('SELECT *
FROM `dbreference_ref_region`
WHERE `RegCode` = \'05\'
 LIMIT 1', 0)
 2 SYSTEMPATH\Database\BaseConnection.php(693): CodeIgniter\Database\MySQLi\Connection->execute('SELECT *
FROM `dbreference_ref_region`
WHERE `RegCode` = \'05\'
 LIMIT 1')
 3 SYSTEMPATH\Database\BaseConnection.php(607): CodeIgniter\Database\BaseConnection->simpleQuery('SELECT *
FROM `dbreference_ref_region`
WHERE `RegCode` = \'05\'
 LIMIT 1')
 4 SYSTEMPATH\Database\BaseBuilder.php(1616): CodeIgniter\Database\BaseConnection->query('SELECT *
FROM `dbreference_ref_region`
WHERE `RegCode` = :RegCode:
 LIMIT 1', [...], false)
 5 SYSTEMPATH\Model.php(270): CodeIgniter\Database\BaseBuilder->get()
 6 SYSTEMPATH\BaseModel.php(676): CodeIgniter\Model->doFirst()
 7 APPPATH\Controllers\DbTransTblHgeController.php(14): CodeIgniter\BaseModel->first()
 8 SYSTEMPATH\CodeIgniter.php(941): App\Controllers\DbTransTblHgeController->index()
 9 SYSTEMPATH\CodeIgniter.php(502): CodeIgniter\CodeIgniter->runController(Object(App\Controllers\DbTransTblHgeController))
10 SYSTEMPATH\CodeIgniter.php(361): CodeIgniter\CodeIgniter->handleRequest(null, Object(Config\Cache), false)
11 FCPATH\index.php(79): CodeIgniter\CodeIgniter->run()
12 SYSTEMPATH\Commands\Server\rewrite.php(47): require_once('C:\\xampp\\htdocs\\mdb_ci_full\\public\\index.php')
CRITICAL - 2024-04-16 04:58:51 --> ErrorException: Undefined variable $data
in APPPATH\Views\hge\add.php on line 136.
 1 APPPATH\Views\hge\add.php(136): CodeIgniter\Debug\Exceptions->errorHandler(2, 'Undefined variable $data', 'C:\\xampp\\htdocs\\mdb_ci_full\\app\\Views\\hge\\add.php', 136)
 2 SYSTEMPATH\View\View.php(228): include('C:\\xampp\\htdocs\\mdb_ci_full\\app\\Views\\hge\\add.php')
 3 SYSTEMPATH\View\View.php(231): CodeIgniter\View\View->CodeIgniter\View\{closure}()
 4 SYSTEMPATH\Common.php(1178): CodeIgniter\View\View->render('hge/add', [], true)
 5 APPPATH\Controllers\DbTransTblHgeController.php(20): view('hge/add', [...])
 6 SYSTEMPATH\CodeIgniter.php(941): App\Controllers\DbTransTblHgeController->index()
 7 SYSTEMPATH\CodeIgniter.php(502): CodeIgniter\CodeIgniter->runController(Object(App\Controllers\DbTransTblHgeController))
 8 SYSTEMPATH\CodeIgniter.php(361): CodeIgniter\CodeIgniter->handleRequest(null, Object(Config\Cache), false)
 9 FCPATH\index.php(79): CodeIgniter\CodeIgniter->run()
10 SYSTEMPATH\Commands\Server\rewrite.php(47): require_once('C:\\xampp\\htdocs\\mdb_ci_full\\public\\index.php')
CRITICAL - 2024-04-16 04:58:56 --> ErrorException: Undefined variable $data
in APPPATH\Views\hge\add.php on line 136.
 1 APPPATH\Views\hge\add.php(136): CodeIgniter\Debug\Exceptions->errorHandler(2, 'Undefined variable $data', 'C:\\xampp\\htdocs\\mdb_ci_full\\app\\Views\\hge\\add.php', 136)
 2 SYSTEMPATH\View\View.php(228): include('C:\\xampp\\htdocs\\mdb_ci_full\\app\\Views\\hge\\add.php')
 3 SYSTEMPATH\View\View.php(231): CodeIgniter\View\View->CodeIgniter\View\{closure}()
 4 SYSTEMPATH\Common.php(1178): CodeIgniter\View\View->render('hge/add', [], true)
 5 APPPATH\Controllers\DbTransTblHgeController.php(20): view('hge/add', [...])
 6 SYSTEMPATH\CodeIgniter.php(941): App\Controllers\DbTransTblHgeController->index()
 7 SYSTEMPATH\CodeIgniter.php(502): CodeIgniter\CodeIgniter->runController(Object(App\Controllers\DbTransTblHgeController))
 8 SYSTEMPATH\CodeIgniter.php(361): CodeIgniter\CodeIgniter->handleRequest(null, Object(Config\Cache), false)
 9 FCPATH\index.php(79): CodeIgniter\CodeIgniter->run()
10 SYSTEMPATH\Commands\Server\rewrite.php(47): require_once('C:\\xampp\\htdocs\\mdb_ci_full\\public\\index.php')
CRITICAL - 2024-04-16 04:59:01 --> ErrorException: Undefined variable $data
in APPPATH\Views\hge\add.php on line 136.
 1 APPPATH\Views\hge\add.php(136): CodeIgniter\Debug\Exceptions->errorHandler(2, 'Undefined variable $data', 'C:\\xampp\\htdocs\\mdb_ci_full\\app\\Views\\hge\\add.php', 136)
 2 SYSTEMPATH\View\View.php(228): include('C:\\xampp\\htdocs\\mdb_ci_full\\app\\Views\\hge\\add.php')
 3 SYSTEMPATH\View\View.php(231): CodeIgniter\View\View->CodeIgniter\View\{closure}()
 4 SYSTEMPATH\Common.php(1178): CodeIgniter\View\View->render('hge/add', [], true)
 5 APPPATH\Controllers\DbTransTblHgeController.php(20): view('hge/add', [...])
 6 SYSTEMPATH\CodeIgniter.php(941): App\Controllers\DbTransTblHgeController->index()
 7 SYSTEMPATH\CodeIgniter.php(502): CodeIgniter\CodeIgniter->runController(Object(App\Controllers\DbTransTblHgeController))
 8 SYSTEMPATH\CodeIgniter.php(361): CodeIgniter\CodeIgniter->handleRequest(null, Object(Config\Cache), false)
 9 FCPATH\index.php(79): CodeIgniter\CodeIgniter->run()
10 SYSTEMPATH\Commands\Server\rewrite.php(47): require_once('C:\\xampp\\htdocs\\mdb_ci_full\\public\\index.php')
CRITICAL - 2024-04-16 04:59:02 --> ErrorException: Undefined variable $data
in APPPATH\Views\hge\add.php on line 136.
 1 APPPATH\Views\hge\add.php(136): CodeIgniter\Debug\Exceptions->errorHandler(2, 'Undefined variable $data', 'C:\\xampp\\htdocs\\mdb_ci_full\\app\\Views\\hge\\add.php', 136)
 2 SYSTEMPATH\View\View.php(228): include('C:\\xampp\\htdocs\\mdb_ci_full\\app\\Views\\hge\\add.php')
 3 SYSTEMPATH\View\View.php(231): CodeIgniter\View\View->CodeIgniter\View\{closure}()
 4 SYSTEMPATH\Common.php(1178): CodeIgniter\View\View->render('hge/add', [], true)
 5 APPPATH\Controllers\DbTransTblHgeController.php(20): view('hge/add', [...])
 6 SYSTEMPATH\CodeIgniter.php(941): App\Controllers\DbTransTblHgeController->index()
 7 SYSTEMPATH\CodeIgniter.php(502): CodeIgniter\CodeIgniter->runController(Object(App\Controllers\DbTransTblHgeController))
 8 SYSTEMPATH\CodeIgniter.php(361): CodeIgniter\CodeIgniter->handleRequest(null, Object(Config\Cache), false)
 9 FCPATH\index.php(79): CodeIgniter\CodeIgniter->run()
10 SYSTEMPATH\Commands\Server\rewrite.php(47): require_once('C:\\xampp\\htdocs\\mdb_ci_full\\public\\index.php')
CRITICAL - 2024-04-16 05:00:36 --> ErrorException: Undefined array key "refHigherEducInst"
in APPPATH\Views\hge\add.php on line 136.
 1 APPPATH\Views\hge\add.php(136): CodeIgniter\Debug\Exceptions->errorHandler(2, 'Undefined array key "refHigherEducInst"', 'C:\\xampp\\htdocs\\mdb_ci_full\\app\\Views\\hge\\add.php', 136)
 2 SYSTEMPATH\View\View.php(228): include('C:\\xampp\\htdocs\\mdb_ci_full\\app\\Views\\hge\\add.php')
 3 SYSTEMPATH\View\View.php(231): CodeIgniter\View\View->CodeIgniter\View\{closure}()
 4 SYSTEMPATH\Common.php(1178): CodeIgniter\View\View->render('hge/add', [], true)
 5 APPPATH\Controllers\DbTransTblHgeController.php(20): view('hge/add', [...])
 6 SYSTEMPATH\CodeIgniter.php(941): App\Controllers\DbTransTblHgeController->index()
 7 SYSTEMPATH\CodeIgniter.php(502): CodeIgniter\CodeIgniter->runController(Object(App\Controllers\DbTransTblHgeController))
 8 SYSTEMPATH\CodeIgniter.php(361): CodeIgniter\CodeIgniter->handleRequest(null, Object(Config\Cache), false)
 9 FCPATH\index.php(79): CodeIgniter\CodeIgniter->run()
10 SYSTEMPATH\Commands\Server\rewrite.php(47): require_once('C:\\xampp\\htdocs\\mdb_ci_full\\public\\index.php')
CRITICAL - 2024-04-16 05:06:57 --> ErrorException: Undefined variable $data
in APPPATH\Views\hge\add.php on line 137.
 1 APPPATH\Views\hge\add.php(137): CodeIgniter\Debug\Exceptions->errorHandler(2, 'Undefined variable $data', 'C:\\xampp\\htdocs\\mdb_ci_full\\app\\Views\\hge\\add.php', 137)
 2 SYSTEMPATH\View\View.php(228): include('C:\\xampp\\htdocs\\mdb_ci_full\\app\\Views\\hge\\add.php')
 3 SYSTEMPATH\View\View.php(231): CodeIgniter\View\View->CodeIgniter\View\{closure}()
 4 SYSTEMPATH\Common.php(1178): CodeIgniter\View\View->render('hge/add', [], true)
 5 APPPATH\Controllers\DbTransTblHgeController.php(20): view('hge/add', [...])
 6 SYSTEMPATH\CodeIgniter.php(941): App\Controllers\DbTransTblHgeController->index()
 7 SYSTEMPATH\CodeIgniter.php(502): CodeIgniter\CodeIgniter->runController(Object(App\Controllers\DbTransTblHgeController))
 8 SYSTEMPATH\CodeIgniter.php(361): CodeIgniter\CodeIgniter->handleRequest(null, Object(Config\Cache), false)
 9 FCPATH\index.php(79): CodeIgniter\CodeIgniter->run()
10 SYSTEMPATH\Commands\Server\rewrite.php(47): require_once('C:\\xampp\\htdocs\\mdb_ci_full\\public\\index.php')
CRITICAL - 2024-04-16 05:10:33 --> ErrorException: Undefined array key "refHigherEducInst"
in APPPATH\Views\hge\add.php on line 139.
 1 APPPATH\Views\hge\add.php(139): CodeIgniter\Debug\Exceptions->errorHandler(2, 'Undefined array key "refHigherEducInst"', 'C:\\xampp\\htdocs\\mdb_ci_full\\app\\Views\\hge\\add.php', 139)
 2 SYSTEMPATH\View\View.php(228): include('C:\\xampp\\htdocs\\mdb_ci_full\\app\\Views\\hge\\add.php')
 3 SYSTEMPATH\View\View.php(231): CodeIgniter\View\View->CodeIgniter\View\{closure}()
 4 SYSTEMPATH\Common.php(1178): CodeIgniter\View\View->render('hge/add', [], true)
 5 APPPATH\Controllers\DbTransTblHgeController.php(20): view('hge/add', [...])
 6 SYSTEMPATH\CodeIgniter.php(941): App\Controllers\DbTransTblHgeController->index()
 7 SYSTEMPATH\CodeIgniter.php(502): CodeIgniter\CodeIgniter->runController(Object(App\Controllers\DbTransTblHgeController))
 8 SYSTEMPATH\CodeIgniter.php(361): CodeIgniter\CodeIgniter->handleRequest(null, Object(Config\Cache), false)
 9 FCPATH\index.php(79): CodeIgniter\CodeIgniter->run()
10 SYSTEMPATH\Commands\Server\rewrite.php(47): require_once('C:\\xampp\\htdocs\\mdb_ci_full\\public\\index.php')
